<?xml version="1.0" encoding="UTF-8"?>
<!-- Generated by org.testng.reporters.JUnitXMLReporter -->
<testsuite hostname="DESKTOP-J9C1L06" ignored="0" name="Command line test" tests="41" failures="1" timestamp="27 Apr 2020 22:10:32 GMT" time="0.202" errors="0">
  <testcase name="testOneNegNum" time="0.061" classname="com.ip.qa.BOperatorTest"/>
  <testcase name="testTwoNegNum" time="0.0" classname="com.ip.qa.BOperatorTest"/>
  <testcase name="testTwoNum" time="0.0" classname="com.ip.qa.BOperatorTest"/>
  <testcase name="testWithLargeNumbers" time="0.0" classname="com.ip.qa.BOperatorTest"/>
  <testcase name="testWithZero" time="0.0" classname="com.ip.qa.BOperatorTest"/>
  <testcase name="testWithAllNegitiveNumbers" time="0.01" classname="com.ip.qa.Comparator2Test"/>
  <testcase name="testWithAllPositiveNumbers" time="0.001" classname="com.ip.qa.Comparator2Test"/>
  <testcase name="testWithPositiveAndNegitiveNumber" time="0.0" classname="com.ip.qa.Comparator2Test"/>
  <testcase name="testWithZeroPositiveAndNegitive" time="0.001" classname="com.ip.qa.Comparator2Test"/>
  <testcase name="testWithAllNegitiveNumbers" time="0.004" classname="com.ip.qa.ComparatorTest"/>
  <testcase name="testWithAllPositiveNumbers" time="0.0" classname="com.ip.qa.ComparatorTest"/>
  <testcase name="testWithPosiAndNegitive" time="0.0" classname="com.ip.qa.ComparatorTest"/>
  <testcase name="testWithZeroNegitiveNumbers" time="0.001" classname="com.ip.qa.ComparatorTest"/>
  <testcase name="testWithLowerCase" time="0.002" classname="com.ip.qa.LowerCaseTest"/>
  <testcase name="testWithLowerUpperords" time="0.0" classname="com.ip.qa.LowerCaseTest"/>
  <testcase name="testWithMultipleWords" time="0.001" classname="com.ip.qa.LowerCaseTest"/>
  <testcase name="testWithNumbers" time="0.0" classname="com.ip.qa.LowerCaseTest"/>
  <testcase name="testWithnumbersWords" time="0.0" classname="com.ip.qa.LowerCaseTest"/>
  <testcase name="checkWithEmptyString" time="0.004" classname="com.ip.qa.PredicateDemoTest"/>
  <testcase name="testWithLargeString" time="0.001" classname="com.ip.qa.PredicateDemoTest"/>
  <testcase name="testWithNumbers" time="0.0" classname="com.ip.qa.PredicateDemoTest"/>
  <testcase name="testWithString" time="0.001" classname="com.ip.qa.PredicateDemoTest"/>
  <testcase name="checkWithEmptyArray" time="0.005" classname="com.ip.qa.StreamDemo1Test"/>
  <testcase name="checkingWithGreaterThanGivenCondition" time="0.0" classname="com.ip.qa.StreamDemo1Test"/>
  <testcase name="checkingWithLessthanGivenCondition" time="0.001" classname="com.ip.qa.StreamDemo1Test"/>
  <testcase name="checkingWithNegitiveAndPositiveNumbers" time="0.001" classname="com.ip.qa.StreamDemo1Test"/>
  <testcase name="checkingWithNegitiveNumbers" time="0.001" classname="com.ip.qa.StreamDemo1Test"/>
  <testcase name="testWithEmptyArray" time="0.003" classname="com.ip.qa.StreamDemo2Test"/>
  <testcase name="testWithMultiple" time="0.0" classname="com.ip.qa.StreamDemo2Test"/>
  <testcase name="testWithNonMultiple" time="0.0" classname="com.ip.qa.StreamDemo2Test"/>
  <testcase name="multiple" time="0.002" classname="com.ip.qa.StreamExample2Test"/>
  <testcase name="nmAnyMatch" time="0.001" classname="com.ip.qa.StreamExample2Test"/>
  <testcase name="nmNotMatch" time="0.0" classname="com.ip.qa.StreamExample2Test"/>
  <testcase name="nmNull" time="0.0" classname="com.ip.qa.StreamExample2Test">
    <failure type="java.lang.NullPointerException">
      <![CDATA[java.lang.NullPointerException
at com.ip.qa.StreamExample2.addTest(StreamExample2.java:14)
at com.ip.qa.StreamExample2Test.nmNull(StreamExample2Test.java:29)
... Removed 35 stack frames]]>
    </failure>
  </testcase> <!-- nmNull -->
  <testcase name="testWithNotPrime" time="0.004" classname="com.ip.qa.StreamExample3Test"/>
  <testcase name="testWithPrime" time="0.0" classname="com.ip.qa.StreamExample3Test"/>
  <testcase name="testWithZero" time="0.0" classname="com.ip.qa.StreamExample3Test"/>
  <testcase name="testWithAllNegitiveNumbers" time="0.002" classname="com.ip.qa.StreamReduceTest"/>
  <testcase name="testWithAllPositiveNumbers" time="0.001" classname="com.ip.qa.StreamReduceTest"/>
  <testcase name="testWithEmptyString" time="0.0" classname="com.ip.qa.StreamReduceTest"/>
  <testcase name="testWithPositiveAndNegitiveNumbers" time="0.0" classname="com.ip.qa.StreamReduceTest"/>
</testsuite> <!-- Command line test -->
