-------------------------------------------------------------------------------
Test set: TestSuite
-------------------------------------------------------------------------------
Tests run: 41, Failures: 1, Errors: 0, Skipped: 0, Time elapsed: 0.938 sec <<< FAILURE!
nmNull(com.ip.qa.StreamExample2Test)  Time elapsed: 0.004 sec  <<< FAILURE!
java.lang.NullPointerException
	at com.ip.qa.StreamExample2.addTest(StreamExample2.java:14)
	at com.ip.qa.StreamExample2Test.nmNull(StreamExample2Test.java:29)

