<?xml version="1.0" encoding="UTF-8" ?>
<testsuite tests="41" failures="1" name="TestSuite" time="0.106" errors="0" skipped="0">
  <properties>
[...]
</properties>
  <testcase classname="com.ip.qa.BOperatorTest" name="testOneNegNum" time="0.062"/>
  <testcase classname="com.ip.qa.BOperatorTest" name="testTwoNegNum" time="0"/>
  <testcase classname="com.ip.qa.BOperatorTest" name="testTwoNum" time="0"/>
  <testcase classname="com.ip.qa.BOperatorTest" name="testWithLargeNumbers" time="0"/>
  <testcase classname="com.ip.qa.BOperatorTest" name="testWithZero" time="0"/>
  <testcase classname="com.ip.qa.Comparator2Test" name="testWithAllNegitiveNumbers" time="0.01"/>
  <testcase classname="com.ip.qa.Comparator2Test" name="testWithAllPositiveNumbers" time="0"/>
  <testcase classname="com.ip.qa.Comparator2Test" name="testWithPositiveAndNegitiveNumber" time="0"/>
  <testcase classname="com.ip.qa.Comparator2Test" name="testWithZeroPositiveAndNegitive" time="0"/>
  <testcase classname="com.ip.qa.ComparatorTest" name="testWithAllNegitiveNumbers" time="0.005"/>
  <testcase classname="com.ip.qa.ComparatorTest" name="testWithAllPositiveNumbers" time="0"/>
  <testcase classname="com.ip.qa.ComparatorTest" name="testWithPosiAndNegitive" time="0.001"/>
  <testcase classname="com.ip.qa.ComparatorTest" name="testWithZeroNegitiveNumbers" time="0"/>
  <testcase classname="com.ip.qa.LowerCaseTest" name="testWithLowerCase" time="0.003"/>
  <testcase classname="com.ip.qa.LowerCaseTest" name="testWithLowerUpperords" time="0"/>
  <testcase classname="com.ip.qa.LowerCaseTest" name="testWithMultipleWords" time="0"/>
  <testcase classname="com.ip.qa.LowerCaseTest" name="testWithNumbers" time="0"/>
  <testcase classname="com.ip.qa.LowerCaseTest" name="testWithnumbersWords" time="0"/>
  <testcase classname="com.ip.qa.PredicateDemoTest" name="checkWithEmptyString" time="0.002"/>
  <testcase classname="com.ip.qa.PredicateDemoTest" name="testWithLargeString" time="0"/>
  <testcase classname="com.ip.qa.PredicateDemoTest" name="testWithNumbers" time="0.001"/>
  <testcase classname="com.ip.qa.PredicateDemoTest" name="testWithString" time="0"/>
  <testcase classname="com.ip.qa.StreamDemo1Test" name="checkWithEmptyArray" time="0.006"/>
  <testcase classname="com.ip.qa.StreamDemo1Test" name="checkingWithGreaterThanGivenCondition" time="0"/>
  <testcase classname="com.ip.qa.StreamDemo1Test" name="checkingWithLessthanGivenCondition" time="0"/>
  <testcase classname="com.ip.qa.StreamDemo1Test" name="checkingWithNegitiveAndPositiveNumbers" time="0"/>
  <testcase classname="com.ip.qa.StreamDemo1Test" name="checkingWithNegitiveNumbers" time="0"/>
  <testcase classname="com.ip.qa.StreamDemo2Test" name="testWithEmptyArray" time="0.004"/>
  <testcase classname="com.ip.qa.StreamDemo2Test" name="testWithMultiple" time="0"/>
  <testcase classname="com.ip.qa.StreamDemo2Test" name="testWithNonMultiple" time="0.001"/>
  <testcase classname="com.ip.qa.StreamExample2Test" name="multiple" time="0.002"/>
  <testcase classname="com.ip.qa.StreamExample2Test" name="nmAnyMatch" time="0"/>
  <testcase classname="com.ip.qa.StreamExample2Test" name="nmNotMatch" time="0"/>
  <testcase classname="com.ip.qa.StreamExample2Test" name="nmNull" time="0.004">
    <failure type="java.lang.NullPointerException">java.lang.NullPointerException
	at com.ip.qa.StreamExample2.addTest(StreamExample2.java:14)
	at com.ip.qa.StreamExample2Test.nmNull(StreamExample2Test.java:29)
</failure>
  </testcase>
  <testcase classname="com.ip.qa.StreamExample3Test" name="testWithNotPrime" time="0.003"/>
  <testcase classname="com.ip.qa.StreamExample3Test" name="testWithPrime" time="0"/>
  <testcase classname="com.ip.qa.StreamExample3Test" name="testWithZero" time="0"/>
  <testcase classname="com.ip.qa.StreamReduceTest" name="testWithAllNegitiveNumbers" time="0.002"/>
  <testcase classname="com.ip.qa.StreamReduceTest" name="testWithAllPositiveNumbers" time="0"/>
  <testcase classname="com.ip.qa.StreamReduceTest" name="testWithEmptyString" time="0"/>
  <testcase classname="com.ip.qa.StreamReduceTest" name="testWithPositiveAndNegitiveNumbers" time="0"/>
</testsuite>